[debug] [2025-08-28T18:21:09.958Z] ----------------------------------------------------------------------
[debug] [2025-08-28T18:21:09.962Z] Command:       C:\Program Files\nodejs\node.exe C:\Users\israel.tarazona_prag\AppData\Roaming\npm\node_modules\firebase-tools\lib\bin\firebase.js init
[debug] [2025-08-28T18:21:09.962Z] CLI Version:   14.15.0
[debug] [2025-08-28T18:21:09.962Z] Platform:      win32
[debug] [2025-08-28T18:21:09.962Z] Node Version:  v22.14.0
[debug] [2025-08-28T18:21:09.963Z] Time:          Thu Aug 28 2025 13:21:09 GMT-0500 (hora estándar de Colombia)
[debug] [2025-08-28T18:21:09.963Z] ----------------------------------------------------------------------
[debug] 
[debug] [2025-08-28T18:21:09.968Z] > command requires scopes: ["email","openid","https://www.googleapis.com/auth/cloudplatformprojects.readonly","https://www.googleapis.com/auth/firebase","https://www.googleapis.com/auth/cloud-platform"]
[debug] [2025-08-28T18:21:09.968Z] > authorizing via signed-in user (israel.tarazona@pragma.com.co)
[info] 
     ######## #### ########  ######## ########     ###     ######  ########
     ##        ##  ##     ## ##       ##     ##  ##   ##  ##       ##
     ######    ##  ########  ######   ########  #########  ######  ######
     ##        ##  ##    ##  ##       ##     ## ##     ##       ## ##
     ##       #### ##     ## ######## ########  ##     ##  ######  ########

You're about to initialize a Firebase project in this directory:

  C:\pragma_assessment\ssr_test_v16

Before we get started, keep in mind:

  * You are currently outside your home directory

[info] 
=== Project Setup
[info] 
[info] First, let's associate this project directory with a Firebase project.
[info] You can create multiple project aliases by running firebase use --add, 
[info] but for now we'll just set up a default project.
[info] 
[debug] [2025-08-28T18:21:27.930Z] Checked if tokens are valid: true, expires at: 1756407274933
[debug] [2025-08-28T18:21:27.930Z] Checked if tokens are valid: true, expires at: 1756407274933
[debug] [2025-08-28T18:21:27.933Z] >>> [apiv2][query] GET https://firebase.googleapis.com/v1beta1/projects pageSize=100
[debug] [2025-08-28T18:21:28.575Z] <<< [apiv2][status] GET https://firebase.googleapis.com/v1beta1/projects 200
[debug] [2025-08-28T18:21:28.575Z] <<< [apiv2][body] GET https://firebase.googleapis.com/v1beta1/projects [omitted]
[info] i  Using project arquitecturapragma (arquitecturaPragma) 
[info] 
=== Hosting Setup
[debug] [2025-08-28T18:21:35.679Z] Checked if tokens are valid: true, expires at: 1756407274933
[debug] [2025-08-28T18:21:35.680Z] Checked if tokens are valid: true, expires at: 1756407274933
[debug] [2025-08-28T18:21:35.680Z] >>> [apiv2][query] GET https://firebase.googleapis.com/v1beta1/projects/arquitecturapragma [none]
[debug] [2025-08-28T18:21:36.073Z] <<< [apiv2][status] GET https://firebase.googleapis.com/v1beta1/projects/arquitecturapragma 200
[debug] [2025-08-28T18:21:36.074Z] <<< [apiv2][body] GET https://firebase.googleapis.com/v1beta1/projects/arquitecturapragma {"projectId":"arquitecturapragma","projectNumber":"340869565697","displayName":"arquitecturaPragma","name":"projects/arquitecturapragma","resources":{"hostingSite":"arquitecturapragma","realtimeDatabaseInstance":"arquitecturapragma","locationId":"us-central"},"state":"ACTIVE","etag":"1_c091e701-3aba-42ed-84e5-f0a9ef5a8667"}
[info] 
[info] Your public directory is the folder (relative to your project directory) that
[info] will contain Hosting assets to be uploaded with firebase deploy. If you
[info] have a build process for your assets, use your build's output directory.
[info] 
[debug] [2025-08-28T18:21:47.831Z] >>> [apiv2][query] GET https://www.gstatic.com/firebasejs/releases.json [none]
[debug] [2025-08-28T18:21:48.549Z] <<< [apiv2][status] GET https://www.gstatic.com/firebasejs/releases.json 200
[debug] [2025-08-28T18:21:48.550Z] <<< [apiv2][body] GET https://www.gstatic.com/firebasejs/releases.json {"current":{"version":"12.2.0","browserURL":"https://www.gstatic.com/firebasejs/12.2.0/firebase.js","packageURL":"https://www.gstatic.com/firebasejs/12.2.0/firebase.tgz"},"live":{"version":"12.2","browserURL":"https://www.gstatic.com/firebasejs/live/12.2/firebase.js","packageURL":"https://www.gstatic.com/firebasejs/live/12.2/firebase.tgz"},"components":{"ai":"https://www.gstatic.com/firebasejs/12.2.0/firebase-ai.js","analytics":"https://www.gstatic.com/firebasejs/12.2.0/firebase-analytics.js","app":"https://www.gstatic.com/firebasejs/12.2.0/firebase-app.js","app-check":"https://www.gstatic.com/firebasejs/12.2.0/firebase-app-check.js","auth":"https://www.gstatic.com/firebasejs/12.2.0/firebase-auth.js","auth/cordova":"https://www.gstatic.com/firebasejs/12.2.0/firebase-auth/cordova.js","auth/web-extension":"https://www.gstatic.com/firebasejs/12.2.0/firebase-auth/web-extension.js","functions":"https://www.gstatic.com/firebasejs/12.2.0/firebase-functions.js","firestore":"https://www.gstatic.com/firebasejs/12.2.0/firebase-firestore.js","firestore/lite":"https://www.gstatic.com/firebasejs/12.2.0/firebase-firestore/lite.js","installations":"https://www.gstatic.com/firebasejs/12.2.0/firebase-installations.js","storage":"https://www.gstatic.com/firebasejs/12.2.0/firebase-storage.js","performance":"https://www.gstatic.com/firebasejs/12.2.0/firebase-performance.js","remote-config":"https://www.gstatic.com/firebasejs/12.2.0/firebase-remote-config.js","messaging":"https://www.gstatic.com/firebasejs/12.2.0/firebase-messaging.js","messaging/sw":"https://www.gstatic.com/firebasejs/12.2.0/firebase-messaging/sw.js","database":"https://www.gstatic.com/firebasejs/12.2.0/firebase-database.js","data-connect":"https://www.gstatic.com/firebasejs/12.2.0/firebase-data-connect.js","firestore.memory":"https://www.gstatic.com/firebasejs/12.2.0/firebase-firestore.memory.js"}}
[info] +  Wrote public/index.html 
[info] 
[info] i  Detected a .git folder at C:\pragma_assessment\ssr_test_v16 
[info] i  Authorizing with GitHub to upload your service account to a GitHub repository's secrets store. 
[info] 
[info] Visit this URL on this device to log in:
[info] https://github.com/login/oauth/authorize?client_id=89cf50f02ac6aaed3484&state=615716265&redirect_uri=http%3A%2F%2Flocalhost%3A9005&scope=read%3Auser%20repo%20public_repo
[info] 
[info] Waiting for authentication...
[debug] [2025-08-28T18:21:49.367Z] >>> [apiv2][query] POST https://github.com/login/oauth/access_token [none]
[debug] [2025-08-28T18:21:49.368Z] >>> [apiv2][body] POST https://github.com/login/oauth/access_token [stream]
[debug] [2025-08-28T18:21:49.686Z] <<< [apiv2][status] POST https://github.com/login/oauth/access_token 200
[debug] [2025-08-28T18:21:49.686Z] <<< [apiv2][body] POST https://github.com/login/oauth/access_token {"access_token":"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","token_type":"bearer","scope":"read:user,repo"}
[debug] [2025-08-28T18:21:49.689Z] >>> [apiv2][query] GET https://api.github.com/user [none]
[debug] [2025-08-28T18:21:50.130Z] <<< [apiv2][status] GET https://api.github.com/user 200
[debug] [2025-08-28T18:21:50.131Z] <<< [apiv2][body] GET https://api.github.com/user {"login":"israeltarazona-droid","id":229188735,"node_id":"U_kgDODakkfw","avatar_url":"https://avatars.githubusercontent.com/u/229188735?v=4","gravatar_id":"","url":"https://api.github.com/users/israeltarazona-droid","html_url":"https://github.com/israeltarazona-droid","followers_url":"https://api.github.com/users/israeltarazona-droid/followers","following_url":"https://api.github.com/users/israeltarazona-droid/following{/other_user}","gists_url":"https://api.github.com/users/israeltarazona-droid/gists{/gist_id}","starred_url":"https://api.github.com/users/israeltarazona-droid/starred{/owner}{/repo}","subscriptions_url":"https://api.github.com/users/israeltarazona-droid/subscriptions","organizations_url":"https://api.github.com/users/israeltarazona-droid/orgs","repos_url":"https://api.github.com/users/israeltarazona-droid/repos","events_url":"https://api.github.com/users/israeltarazona-droid/events{/privacy}","received_events_url":"https://api.github.com/users/israeltarazona-droid/received_events","type":"User","user_view_type":"private","site_admin":false,"name":null,"company":null,"blog":"","location":null,"email":null,"hireable":null,"bio":null,"twitter_username":null,"notification_email":null,"public_repos":0,"public_gists":0,"followers":0,"following":0,"created_at":"2025-08-28T18:08:40Z","updated_at":"2025-08-28T18:08:40Z","private_gists":0,"total_private_repos":0,"owned_private_repos":0,"disk_usage":0,"collaborators":0,"two_factor_authentication":false,"plan":{"name":"free","space":976562499,"collaborators":0,"private_repos":10000}}
[info] 
[info] +  Success! Logged into GitHub as israeltarazona-droid 
[info] 
[debug] [2025-08-28T18:22:01.494Z] >>> [apiv2][query] GET https://api.github.com/repos//actions/secrets/public-key type=owner
[debug] [2025-08-28T18:22:01.888Z] <<< [apiv2][status] GET https://api.github.com/repos//actions/secrets/public-key 404
[debug] [2025-08-28T18:22:01.888Z] <<< [apiv2][body] GET https://api.github.com/repos//actions/secrets/public-key {"message":"Not Found","documentation_url":"https://docs.github.com/rest","status":"404"}
[info] 
[info] 
[error] !  The provided authorization cannot be used with this repository. If this repository is in an organization, did you remember to grant access? 
[info] 
[info] i  Action required: Visit this URL to ensure access has been granted to the appropriate organization(s) for the Firebase CLI GitHub OAuth App: 
[info] https://github.com/settings/connections/applications/89cf50f02ac6aaed3484
[info] 
[debug] [2025-08-28T18:22:15.999Z] ExitPromptError: User force closed the prompt with SIGINT
    at Interface.sigint (C:\Users\israel.tarazona_prag\AppData\Roaming\npm\node_modules\firebase-tools\node_modules\@inquirer\core\dist\commonjs\lib\create-prompt.js:101:37)
    at Interface.emit (node:events:518:28)
    at Interface.emit (node:domain:489:12)
    at [_ttyWrite] [as _ttyWrite] (node:internal/readline/interface:1124:18)
    at ReadStream.onkeypress (node:internal/readline/interface:263:20)
    at ReadStream.emit (node:events:530:35)
    at ReadStream.emit (node:domain:489:12)
    at emitKeys (node:internal/readline/utils:370:14)
    at emitKeys.next (<anonymous>)
    at ReadStream.onData (node:internal/readline/emitKeypressEvents:64:36)
[error] 
[error] Error: An unexpected error has occurred.
